oneSDK/build/outputs/logs/manifest-merger-debug-report.txt
-- Merging decision tree log ---
manifest
ADDED from DuBei2.0/oneSDK/AndroidManifest.xml:2:1-205:12
INJECTED from DuBei2.0/oneSDK/AndroidManifest.xml:2:1-205:12
INJECTED from DuBei2.0/oneSDK/AndroidManifest.xml:2:1-205:12
INJECTED from DuBei2.0/oneSDK/AndroidManifest.xml:2:1-205:12
INJECTED from DuBei2.0/oneSDK/AndroidManifest.xml:2:1-205:12
INJECTED from DuBei2.0/oneSDK/AndroidManifest.xml:2:1-205:12
INJECTED from DuBei2.0/oneSDK/AndroidManifest.xml:2:1-205:12
	package
		ADDED from DuBei2.0/oneSDK/AndroidManifest.xml:4:5-38
		INJECTED from DuBei2.0/oneSDK/AndroidManifest.xml
		INJECTED from DuBei2.0/oneSDK/AndroidManifest.xml
	android:versionName
		ADDED from DuBei2.0/oneSDK/AndroidManifest.xml:6:5-30
		INJECTED from DuBei2.0/oneSDK/AndroidManifest.xml
		INJECTED from DuBei2.0/oneSDK/AndroidManifest.xml
	xmlns:tools
		ADDED from DuBei2.0/oneSDK/AndroidManifest.xml:3:5-51
	xmlns:android
		ADDED from DuBei2.0/oneSDK/AndroidManifest.xml:2:11-69
	android:versionCode
		ADDED from DuBei2.0/oneSDK/AndroidManifest.xml:5:5-28
		INJECTED from DuBei2.0/oneSDK/AndroidManifest.xml
		INJECTED from DuBei2.0/oneSDK/AndroidManifest.xml
uses-sdk
ADDED from DuBei2.0/oneSDK/AndroidManifest.xml:8:5-44
INJECTED from DuBei2.0/oneSDK/AndroidManifest.xml:8:5-44
INJECTED from DuBei2.0/oneSDK/AndroidManifest.xml:8:5-44
INJECTED from DuBei2.0/oneSDK/AndroidManifest.xml:8:5-44
INJECTED from DuBei2.0/oneSDK/AndroidManifest.xml:8:5-44
	android:targetSdkVersion
		INJECTED from DuBei2.0/oneSDK/AndroidManifest.xml
		ADDED from DuBei2.0/oneSDK/AndroidManifest.xml:8:5-44
		INJECTED from DuBei2.0/oneSDK/AndroidManifest.xml
	android:minSdkVersion
		ADDED from DuBei2.0/oneSDK/AndroidManifest.xml:8:15-41
		INJECTED from DuBei2.0/oneSDK/AndroidManifest.xml
		INJECTED from DuBei2.0/oneSDK/AndroidManifest.xml
uses-permission#android.permission.WRITE_EXTERNAL_STORAGE
ADDED from DuBei2.0/oneSDK/AndroidManifest.xml:10:5-81
	android:name
		ADDED from DuBei2.0/oneSDK/AndroidManifest.xml:10:22-78
uses-permission#android.permission.READ_EXTERNAL_STORAGE
ADDED from DuBei2.0/oneSDK/AndroidManifest.xml:11:5-80
	android:name
		ADDED from DuBei2.0/oneSDK/AndroidManifest.xml:11:22-77
uses-permission#android.permission.ACCESS_NETWORK_STATE
ADDED from DuBei2.0/oneSDK/AndroidManifest.xml:12:5-79
	android:name
		ADDED from DuBei2.0/oneSDK/AndroidManifest.xml:12:22-76
uses-permission#android.permission.ACCESS_WIFI_STATE
ADDED from DuBei2.0/oneSDK/AndroidManifest.xml:13:5-76
	android:name
		ADDED from DuBei2.0/oneSDK/AndroidManifest.xml:13:22-73
uses-permission#android.permission.READ_PHONE_STATE
ADDED from DuBei2.0/oneSDK/AndroidManifest.xml:14:5-75
	android:name
		ADDED from DuBei2.0/oneSDK/AndroidManifest.xml:14:22-72
uses-permission#android.permission.READ_SETTINGS
ADDED from DuBei2.0/oneSDK/AndroidManifest.xml:15:5-72
	android:name
		ADDED from DuBei2.0/oneSDK/AndroidManifest.xml:15:22-69
uses-permission#android.permission.WRITE_SETTINGS
ADDED from DuBei2.0/oneSDK/AndroidManifest.xml:16:5-73
	android:name
		ADDED from DuBei2.0/oneSDK/AndroidManifest.xml:16:22-70
uses-permission#android.permission.INTERNET
ADDED from DuBei2.0/oneSDK/AndroidManifest.xml:17:5-67
	android:name
		ADDED from DuBei2.0/oneSDK/AndroidManifest.xml:17:22-64
uses-permission#android.permission.GET_TASKS
ADDED from DuBei2.0/oneSDK/AndroidManifest.xml:18:5-68
	android:name
		ADDED from DuBei2.0/oneSDK/AndroidManifest.xml:18:22-65
uses-permission#android.permission.RECORD_AUDIO
ADDED from DuBei2.0/oneSDK/AndroidManifest.xml:19:5-71
	android:name
		ADDED from DuBei2.0/oneSDK/AndroidManifest.xml:19:22-68
uses-permission#android.permission.WAKE_LOCK
ADDED from DuBei2.0/oneSDK/AndroidManifest.xml:20:5-68
	android:name
		ADDED from DuBei2.0/oneSDK/AndroidManifest.xml:20:22-65
uses-permission#android.permission.MODIFY_AUDIO_SETTINGS
ADDED from DuBei2.0/oneSDK/AndroidManifest.xml:21:5-80
	android:name
		ADDED from DuBei2.0/oneSDK/AndroidManifest.xml:21:22-77
uses-permission#android.permission.VIBRATE
ADDED from DuBei2.0/oneSDK/AndroidManifest.xml:22:5-66
	android:name
		ADDED from DuBei2.0/oneSDK/AndroidManifest.xml:22:22-63
uses-permission#android.permission.REQUEST_IGNORE_BATTERY_OPTIMIZATIONS
ADDED from DuBei2.0/oneSDK/AndroidManifest.xml:23:5-95
	android:name
		ADDED from DuBei2.0/oneSDK/AndroidManifest.xml:23:22-92
uses-permission#com.sec.android.provider.badge.permission.READ
ADDED from DuBei2.0/oneSDK/AndroidManifest.xml:26:5-86
	android:name
		ADDED from DuBei2.0/oneSDK/AndroidManifest.xml:26:22-83
uses-permission#com.sec.android.provider.badge.permission.WRITE
ADDED from DuBei2.0/oneSDK/AndroidManifest.xml:27:5-87
	android:name
		ADDED from DuBei2.0/oneSDK/AndroidManifest.xml:27:22-84
uses-permission#com.htc.launcher.permission.READ_SETTINGS
ADDED from DuBei2.0/oneSDK/AndroidManifest.xml:28:5-81
	android:name
		ADDED from DuBei2.0/oneSDK/AndroidManifest.xml:28:22-78
uses-permission#com.htc.launcher.permission.UPDATE_SHORTCUT
ADDED from DuBei2.0/oneSDK/AndroidManifest.xml:29:5-83
	android:name
		ADDED from DuBei2.0/oneSDK/AndroidManifest.xml:29:22-80
uses-permission#com.sonyericsson.home.permission.BROADCAST_BADGE
ADDED from DuBei2.0/oneSDK/AndroidManifest.xml:30:5-88
	android:name
		ADDED from DuBei2.0/oneSDK/AndroidManifest.xml:30:22-85
uses-permission#com.anddoes.launcher.permission.UPDATE_COUNT
ADDED from DuBei2.0/oneSDK/AndroidManifest.xml:31:5-84
	android:name
		ADDED from DuBei2.0/oneSDK/AndroidManifest.xml:31:22-81
uses-permission#com.majeur.launcher.permission.UPDATE_BADGE
ADDED from DuBei2.0/oneSDK/AndroidManifest.xml:32:5-83
	android:name
		ADDED from DuBei2.0/oneSDK/AndroidManifest.xml:32:22-80
uses-permission#com.huawei.android.launcher.permission.READ_SETTINGS
ADDED from DuBei2.0/oneSDK/AndroidManifest.xml:33:5-91
	android:name
		ADDED from DuBei2.0/oneSDK/AndroidManifest.xml:33:22-89
uses-permission#com.huawei.android.launcher.permission.WRITE_SETTINGS
ADDED from DuBei2.0/oneSDK/AndroidManifest.xml:34:5-92
	android:name
		ADDED from DuBei2.0/oneSDK/AndroidManifest.xml:34:22-90
uses-permission#com.huawei.android.launcher.permission.CHANGE_BADGE
ADDED from DuBei2.0/oneSDK/AndroidManifest.xml:35:5-90
	android:name
		ADDED from DuBei2.0/oneSDK/AndroidManifest.xml:35:22-88
application
ADDED from DuBei2.0/oneSDK/AndroidManifest.xml:38:5-201:19
activity#com.alibaba.mobileim.ui.WxChattingActvity
ADDED from DuBei2.0/oneSDK/AndroidManifest.xml:44:9-50:70
	android:screenOrientation
		ADDED from DuBei2.0/oneSDK/AndroidManifest.xml:47:13-49
	android:launchMode
		ADDED from DuBei2.0/oneSDK/AndroidManifest.xml:48:13-43
	android:windowSoftInputMode
		ADDED from DuBei2.0/oneSDK/AndroidManifest.xml:50:13-67
	android:configChanges
		ADDED from DuBei2.0/oneSDK/AndroidManifest.xml:46:13-63
	android:theme
		ADDED from DuBei2.0/oneSDK/AndroidManifest.xml:49:13-69
	android:name
		ADDED from DuBei2.0/oneSDK/AndroidManifest.xml:45:13-69
activity#com.alibaba.mobileim.ui.WxViewMergedForwardMsgActivity
ADDED from DuBei2.0/oneSDK/AndroidManifest.xml:52:9-58:70
	android:screenOrientation
		ADDED from DuBei2.0/oneSDK/AndroidManifest.xml:55:13-49
	android:launchMode
		ADDED from DuBei2.0/oneSDK/AndroidManifest.xml:56:13-43
	android:windowSoftInputMode
		ADDED from DuBei2.0/oneSDK/AndroidManifest.xml:58:13-67
	android:configChanges
		ADDED from DuBei2.0/oneSDK/AndroidManifest.xml:54:13-63
	android:theme
		ADDED from DuBei2.0/oneSDK/AndroidManifest.xml:57:13-69
	android:name
		ADDED from DuBei2.0/oneSDK/AndroidManifest.xml:53:13-82
activity#com.alibaba.mobileim.ui.WxConversationActivity
ADDED from DuBei2.0/oneSDK/AndroidManifest.xml:61:9-66:69
	android:screenOrientation
		ADDED from DuBei2.0/oneSDK/AndroidManifest.xml:64:13-49
	android:launchMode
		ADDED from DuBei2.0/oneSDK/AndroidManifest.xml:65:13-43
	android:configChanges
		ADDED from DuBei2.0/oneSDK/AndroidManifest.xml:63:13-63
	android:theme
		ADDED from DuBei2.0/oneSDK/AndroidManifest.xml:66:13-66
	android:name
		ADDED from DuBei2.0/oneSDK/AndroidManifest.xml:62:13-74
activity#com.alibaba.mobileim.ui.chat.MultiImageActivity
ADDED from DuBei2.0/oneSDK/AndroidManifest.xml:69:10-76:16
	android:screenOrientation
		ADDED from DuBei2.0/oneSDK/AndroidManifest.xml:72:13-47
	android:launchMode
		ADDED from DuBei2.0/oneSDK/AndroidManifest.xml:71:13-43
	android:hardwareAccelerated
		ADDED from DuBei2.0/oneSDK/AndroidManifest.xml:75:14-49
	android:windowSoftInputMode
		ADDED from DuBei2.0/oneSDK/AndroidManifest.xml:74:13-52
	android:theme
		ADDED from DuBei2.0/oneSDK/AndroidManifest.xml:73:13-64
	android:name
		ADDED from DuBei2.0/oneSDK/AndroidManifest.xml:70:13-75
activity#com.alibaba.mobileim.kit.imageviewer.ShowImageActivity
ADDED from DuBei2.0/oneSDK/AndroidManifest.xml:78:9-84:50
	android:screenOrientation
		ADDED from DuBei2.0/oneSDK/AndroidManifest.xml:81:13-49
	android:launchMode
		ADDED from DuBei2.0/oneSDK/AndroidManifest.xml:80:13-43
	android:hardwareAccelerated
		ADDED from DuBei2.0/oneSDK/AndroidManifest.xml:84:13-48
	android:windowSoftInputMode
		ADDED from DuBei2.0/oneSDK/AndroidManifest.xml:83:13-52
	android:theme
		ADDED from DuBei2.0/oneSDK/AndroidManifest.xml:82:13-64
	android:name
		ADDED from DuBei2.0/oneSDK/AndroidManifest.xml:79:13-82
activity#com.alibaba.mobileim.ui.multi.lightservice.MultiPickGalleryActivity
ADDED from DuBei2.0/oneSDK/AndroidManifest.xml:86:9-89:72
	android:screenOrientation
		ADDED from DuBei2.0/oneSDK/AndroidManifest.xml:88:13-49
	android:configChanges
		ADDED from DuBei2.0/oneSDK/AndroidManifest.xml:87:14-64
	android:theme
		ADDED from DuBei2.0/oneSDK/AndroidManifest.xml:89:15-68
	android:name
		ADDED from DuBei2.0/oneSDK/AndroidManifest.xml:86:19-101
activity#com.alibaba.mobileim.ui.selectfriend.SelectFriendsActivity
ADDED from DuBei2.0/oneSDK/AndroidManifest.xml:90:9-93:76
	android:screenOrientation
		ADDED from DuBei2.0/oneSDK/AndroidManifest.xml:92:19-55
	android:configChanges
		ADDED from DuBei2.0/oneSDK/AndroidManifest.xml:91:19-69
	android:theme
		ADDED from DuBei2.0/oneSDK/AndroidManifest.xml:93:19-72
	android:name
		ADDED from DuBei2.0/oneSDK/AndroidManifest.xml:90:19-92
activity#com.alibaba.mobileim.ui.FeedbackActvity
ADDED from DuBei2.0/oneSDK/AndroidManifest.xml:95:9-101:70
	android:screenOrientation
		ADDED from DuBei2.0/oneSDK/AndroidManifest.xml:98:13-49
	android:launchMode
		ADDED from DuBei2.0/oneSDK/AndroidManifest.xml:99:13-43
	android:windowSoftInputMode
		ADDED from DuBei2.0/oneSDK/AndroidManifest.xml:101:13-67
	android:configChanges
		ADDED from DuBei2.0/oneSDK/AndroidManifest.xml:97:13-63
	android:theme
		ADDED from DuBei2.0/oneSDK/AndroidManifest.xml:100:13-59
	android:name
		ADDED from DuBei2.0/oneSDK/AndroidManifest.xml:96:13-67
service#com.alibaba.mobileim.appmonitor.tiptool.TooltipService
ADDED from DuBei2.0/oneSDK/AndroidManifest.xml:105:3-107:14
	android:exported
		ADDED from DuBei2.0/oneSDK/AndroidManifest.xml:106:79-103
	android:name
		ADDED from DuBei2.0/oneSDK/AndroidManifest.xml:106:8-77
service#com.alibaba.tcms.service.TCMSService
ADDED from DuBei2.0/oneSDK/AndroidManifest.xml:110:9-114:19
	android:process
		ADDED from DuBei2.0/oneSDK/AndroidManifest.xml:113:13-43
	android:exported
		ADDED from DuBei2.0/oneSDK/AndroidManifest.xml:112:13-36
	android:name
		ADDED from DuBei2.0/oneSDK/AndroidManifest.xml:111:13-64
service#com.alibaba.tcms.service.TCMSService$TCMSKernalService
ADDED from DuBei2.0/oneSDK/AndroidManifest.xml:115:9-118:19
	android:process
		ADDED from DuBei2.0/oneSDK/AndroidManifest.xml:117:13-43
	android:name
		ADDED from DuBei2.0/oneSDK/AndroidManifest.xml:116:13-82
service#com.alibaba.tcms.service.ListenerService
ADDED from DuBei2.0/oneSDK/AndroidManifest.xml:121:9-123:19
	android:exported
		ADDED from DuBei2.0/oneSDK/AndroidManifest.xml:122:69-92
	android:name
		ADDED from DuBei2.0/oneSDK/AndroidManifest.xml:122:13-68
activity#com.alibaba.mobileim.kit.CloudPwdSettingHintActivity
ADDED from DuBei2.0/oneSDK/AndroidManifest.xml:126:9-131:69
	android:screenOrientation
		ADDED from DuBei2.0/oneSDK/AndroidManifest.xml:130:13-49
	android:launchMode
		ADDED from DuBei2.0/oneSDK/AndroidManifest.xml:129:13-43
	android:configChanges
		ADDED from DuBei2.0/oneSDK/AndroidManifest.xml:128:13-63
	android:theme
		ADDED from DuBei2.0/oneSDK/AndroidManifest.xml:131:13-66
	android:name
		ADDED from DuBei2.0/oneSDK/AndroidManifest.xml:127:13-80
activity#com.alibaba.mobileim.login.WaitProgresssActivity
ADDED from DuBei2.0/oneSDK/AndroidManifest.xml:134:9-85
	android:name
		ADDED from DuBei2.0/oneSDK/AndroidManifest.xml:134:19-82
activity#com.alibaba.mobileim.ui.atmessage.AtMsgListActivity
ADDED from DuBei2.0/oneSDK/AndroidManifest.xml:137:9-142:68
	android:screenOrientation
		ADDED from DuBei2.0/oneSDK/AndroidManifest.xml:140:13-49
	android:launchMode
		ADDED from DuBei2.0/oneSDK/AndroidManifest.xml:141:13-44
	android:configChanges
		ADDED from DuBei2.0/oneSDK/AndroidManifest.xml:139:13-63
	android:theme
		ADDED from DuBei2.0/oneSDK/AndroidManifest.xml:142:13-66
	android:name
		ADDED from DuBei2.0/oneSDK/AndroidManifest.xml:138:13-79
activity#com.alibaba.mobileim.ui.atmessage.SendAtMessageDetailActivity
ADDED from DuBei2.0/oneSDK/AndroidManifest.xml:144:9-149:68
	android:screenOrientation
		ADDED from DuBei2.0/oneSDK/AndroidManifest.xml:148:13-49
	android:launchMode
		ADDED from DuBei2.0/oneSDK/AndroidManifest.xml:147:13-43
	android:configChanges
		ADDED from DuBei2.0/oneSDK/AndroidManifest.xml:146:13-63
	android:theme
		ADDED from DuBei2.0/oneSDK/AndroidManifest.xml:149:13-66
	android:name
		ADDED from DuBei2.0/oneSDK/AndroidManifest.xml:145:13-89
activity#com.alibaba.mobileim.kit.chat.SelectTribeMemberActivity
ADDED from DuBei2.0/oneSDK/AndroidManifest.xml:151:9-156:70
	android:screenOrientation
		ADDED from DuBei2.0/oneSDK/AndroidManifest.xml:154:13-49
	android:windowSoftInputMode
		ADDED from DuBei2.0/oneSDK/AndroidManifest.xml:156:13-67
	android:configChanges
		ADDED from DuBei2.0/oneSDK/AndroidManifest.xml:153:13-63
	android:theme
		ADDED from DuBei2.0/oneSDK/AndroidManifest.xml:155:13-66
	android:name
		ADDED from DuBei2.0/oneSDK/AndroidManifest.xml:152:13-83
activity#com.alibaba.mobileim.kit.chat.EnlargeChattingTextActivity
ADDED from DuBei2.0/oneSDK/AndroidManifest.xml:159:9-163:70
	android:windowSoftInputMode
		ADDED from DuBei2.0/oneSDK/AndroidManifest.xml:163:13-67
	android:configChanges
		ADDED from DuBei2.0/oneSDK/AndroidManifest.xml:161:13-63
	android:theme
		ADDED from DuBei2.0/oneSDK/AndroidManifest.xml:162:13-60
	android:name
		ADDED from DuBei2.0/oneSDK/AndroidManifest.xml:160:13-85
activity#com.alibaba.tcms.service.MonitorActivity
ADDED from DuBei2.0/oneSDK/AndroidManifest.xml:165:9-170:64
	android:process
		ADDED from DuBei2.0/oneSDK/AndroidManifest.xml:169:13-43
	android:launchMode
		ADDED from DuBei2.0/oneSDK/AndroidManifest.xml:168:13-48
	android:exported
		ADDED from DuBei2.0/oneSDK/AndroidManifest.xml:167:13-36
	android:theme
		ADDED from DuBei2.0/oneSDK/AndroidManifest.xml:170:13-61
	android:name
		ADDED from DuBei2.0/oneSDK/AndroidManifest.xml:166:13-68
activity#com.alibaba.mobileim.kit.video.IMPlayVideoDetailActivity
ADDED from DuBei2.0/oneSDK/AndroidManifest.xml:172:9-191:20
	android:screenOrientation
		ADDED from DuBei2.0/oneSDK/AndroidManifest.xml:175:13-49
	android:configChanges
		ADDED from DuBei2.0/oneSDK/AndroidManifest.xml:174:13-63
	android:theme
		ADDED from DuBei2.0/oneSDK/AndroidManifest.xml:176:13-60
	android:name
		ADDED from DuBei2.0/oneSDK/AndroidManifest.xml:173:13-84
intent-filter#android.intent.action.VIEW+android.intent.category.BROWSABLE+android.intent.category.DEFAULT
ADDED from DuBei2.0/oneSDK/AndroidManifest.xml:177:13-190:29
action#android.intent.action.VIEW
ADDED from DuBei2.0/oneSDK/AndroidManifest.xml:178:17-69
	android:name
		ADDED from DuBei2.0/oneSDK/AndroidManifest.xml:178:25-66
category#android.intent.category.DEFAULT
ADDED from DuBei2.0/oneSDK/AndroidManifest.xml:179:17-76
	android:name
		ADDED from DuBei2.0/oneSDK/AndroidManifest.xml:179:27-73
category#android.intent.category.BROWSABLE
ADDED from DuBei2.0/oneSDK/AndroidManifest.xml:180:17-78
	android:name
		ADDED from DuBei2.0/oneSDK/AndroidManifest.xml:180:27-75
data
ADDED from DuBei2.0/oneSDK/AndroidManifest.xml:181:17-184:45
	android:path
		ADDED from DuBei2.0/oneSDK/AndroidManifest.xml:183:21-53
	android:host
		ADDED from DuBei2.0/oneSDK/AndroidManifest.xml:182:21-55
	android:scheme
		ADDED from DuBei2.0/oneSDK/AndroidManifest.xml:184:21-42
activity#com.alibaba.mobileim.ui.web.CustomHybridActivity
ADDED from DuBei2.0/oneSDK/AndroidManifest.xml:193:9-198:55
	android:screenOrientation
		ADDED from DuBei2.0/oneSDK/AndroidManifest.xml:196:13-49
	android:launchMode
		ADDED from DuBei2.0/oneSDK/AndroidManifest.xml:195:13-43
	android:windowSoftInputMode
		ADDED from DuBei2.0/oneSDK/AndroidManifest.xml:198:13-52
	android:theme
		ADDED from DuBei2.0/oneSDK/AndroidManifest.xml:197:13-64
	android:name
		ADDED from DuBei2.0/oneSDK/AndroidManifest.xml:194:13-76
activity#com.alibaba.mobileim.appmonitor.floatview.FloatViewActivity
ADDED from DuBei2.0/oneSDK/AndroidManifest.xml:200:9-95
	android:name
		ADDED from DuBei2.0/oneSDK/AndroidManifest.xml:200:19-93